Nov-02 21:31:43.950 [main] DEBUG nextflow.cli.Launcher - $> /bin/nextflow run main.nf
Nov-02 21:31:44.098 [main] INFO  nextflow.cli.CmdRun - N E X T F L O W  ~  version 0.30.1
Nov-02 21:31:44.111 [main] INFO  nextflow.cli.CmdRun - Launching `main.nf` [nauseous_cray] - revision: d585833d86
Nov-02 21:31:44.131 [main] DEBUG nextflow.config.ConfigBuilder - Found config local: nextflow.config
Nov-02 21:31:44.134 [main] DEBUG nextflow.config.ConfigBuilder - Parsing config file: /home/mbbiggs/nextflow_ebimage_example/nextflow.config
Nov-02 21:31:44.170 [main] DEBUG nextflow.config.ConfigBuilder - Applying config profile: `standard`
Nov-02 21:31:44.601 [main] DEBUG nextflow.Session - Session uuid: 247eac33-d4e8-4b41-9db6-3086ea318cd3
Nov-02 21:31:44.601 [main] DEBUG nextflow.Session - Run name: nauseous_cray
Nov-02 21:31:44.602 [main] DEBUG nextflow.Session - Executor pool size: 8
Nov-02 21:31:44.618 [main] DEBUG nextflow.cli.CmdRun - 
  Version: 0.30.1 build 4844
  Modified: 11-06-2018 08:29 UTC (04:29 EDT)
  System: Linux 4.4.0-75-generic
  Runtime: Groovy 2.4.15 on Java HotSpot(TM) 64-Bit Server VM 1.8.0_171-b11
  Encoding: UTF-8 (UTF-8)
  Process: 14338@bc01-n12.isis.unc.edu [152.19.196.223]
  CPUs: 8 - Mem: 31.4 GB (23.8 GB) - Swap: 16 GB (16 GB)
Nov-02 21:31:44.653 [main] DEBUG nextflow.Session - Work-dir: /home/mbbiggs/nextflow_ebimage_example/work [ext2/ext3]
Nov-02 21:31:44.847 [main] DEBUG nextflow.Session - Session start invoked
Nov-02 21:31:44.852 [main] DEBUG nextflow.processor.TaskDispatcher - Dispatcher > start
Nov-02 21:31:44.853 [main] DEBUG nextflow.script.ScriptRunner - > Script parsing
Nov-02 21:31:45.020 [main] DEBUG nextflow.script.ScriptRunner - > Launching execution
Nov-02 21:31:45.046 [main] DEBUG nextflow.Channel - files for syntax: glob; folder: data/; pattern: Dros_*; options: null
Nov-02 21:31:45.279 [main] DEBUG nextflow.processor.ProcessFactory - << taskConfig executor: null
Nov-02 21:31:45.279 [main] DEBUG nextflow.processor.ProcessFactory - >> processorType: 'local'
Nov-02 21:31:45.287 [main] DEBUG nextflow.executor.Executor - Initializing executor: local
Nov-02 21:31:45.290 [main] INFO  nextflow.executor.Executor - [warm up] executor > local
Nov-02 21:31:45.297 [main] DEBUG n.processor.LocalPollingMonitor - Creating local task monitor for executor 'local' > cpus=8; memory=31.4 GB; capacity=8; pollInterval=100ms; dumpInterval=5m
Nov-02 21:31:45.302 [main] DEBUG nextflow.processor.TaskDispatcher - Starting monitor: LocalPollingMonitor
Nov-02 21:31:45.303 [main] DEBUG n.processor.TaskPollingMonitor - >>> barrier register (monitor: local)
Nov-02 21:31:45.311 [main] DEBUG nextflow.executor.Executor - Invoke register for executor: local
Nov-02 21:31:45.362 [main] DEBUG nextflow.Session - >>> barrier register (process: count_nuclei)
Nov-02 21:31:45.366 [main] DEBUG nextflow.processor.TaskProcessor - Creating operator > count_nuclei -- maxForks: 8
Nov-02 21:31:45.596 [main] DEBUG nextflow.Session - Session aborted -- Cause: No signature of method: _nf_script_336d2d1d.plot_nucleus_counts() is applicable for argument types: (_nf_script_336d2d1d$_run_closure2) values: [_nf_script_336d2d1d$_run_closure2@f19c9d2]
Nov-02 21:31:45.642 [main] DEBUG nextflow.Session - The following nodes are still active:
[process] count_nuclei
  status=ACTIVE
  port 0: (queue) CLOSED; channel: i
  port 1: (cntrl) OPEN; channel: $

Nov-02 21:31:45.644 [Task monitor] DEBUG n.processor.TaskPollingMonitor - <<< barrier arrives (monitor: local)
Nov-02 21:31:45.789 [main] ERROR nextflow.cli.Launcher - @unknown
groovy.lang.MissingMethodException: No signature of method: _nf_script_336d2d1d.plot_nucleus_counts() is applicable for argument types: (_nf_script_336d2d1d$_run_closure2) values: [_nf_script_336d2d1d$_run_closure2@f19c9d2]
	at org.codehaus.groovy.runtime.ScriptBytecodeAdapter.unwrap(ScriptBytecodeAdapter.java:71)
	at org.codehaus.groovy.runtime.callsite.PogoMetaClassSite.callCurrent(PogoMetaClassSite.java:80)
	at org.codehaus.groovy.runtime.callsite.CallSiteArray.defaultCallCurrent(CallSiteArray.java:51)
	at org.codehaus.groovy.runtime.callsite.AbstractCallSite.callCurrent(AbstractCallSite.java:157)
	at org.codehaus.groovy.runtime.callsite.AbstractCallSite.callCurrent(AbstractCallSite.java:169)
	at _nf_script_336d2d1d.run(_nf_script_336d2d1d:23)
	at nextflow.script.ScriptRunner.run(ScriptRunner.groovy:341)
	at nextflow.script.ScriptRunner.execute(ScriptRunner.groovy:165)
	at nextflow.cli.CmdRun.run(CmdRun.groovy:232)
	at nextflow.cli.Launcher.run(Launcher.groovy:428)
	at nextflow.cli.Launcher.main(Launcher.groovy:586)
